<?xml version="1.0" encoding="UTF-8"?>
<coverage generated="1741931684688" clover="3.2.0">
  <project timestamp="1741931684688" name="All files">
    <metrics statements="76" coveredstatements="66" conditionals="16" coveredconditionals="12" methods="9" coveredmethods="5" elements="101" coveredelements="83" complexity="0" loc="76" ncloc="76" packages="1" files="1" classes="1"/>
    <file name="index.js" path="/home/echo_space/.dev/prod-e/backend/index.js">
      <metrics statements="76" coveredstatements="66" conditionals="16" coveredconditionals="12" methods="9" coveredmethods="5"/>
      <line num="9" count="19" type="stmt"/>
      <line num="12" count="19" type="stmt"/>
      <line num="13" count="19" type="stmt"/>
      <line num="14" count="19" type="stmt"/>
      <line num="15" count="19" type="stmt"/>
      <line num="18" count="19" type="stmt"/>
      <line num="19" count="19" type="cond" truecount="1" falsecount="1"/>
      <line num="22" count="19" type="stmt"/>
      <line num="25" count="19" type="stmt"/>
      <line num="26" count="19" type="stmt"/>
      <line num="32" count="19" type="stmt"/>
      <line num="39" count="19" type="stmt"/>
      <line num="46" count="19" type="stmt"/>
      <line num="47" count="19" type="stmt"/>
      <line num="50" count="19" type="stmt"/>
      <line num="68" count="19" type="stmt"/>
      <line num="72" count="19" type="cond" truecount="2" falsecount="0"/>
      <line num="73" count="5" type="stmt"/>
      <line num="74" count="5" type="stmt"/>
      <line num="87" count="19" type="stmt"/>
      <line num="88" count="15" type="stmt"/>
      <line num="91" count="15" type="stmt"/>
      <line num="92" count="15" type="stmt"/>
      <line num="95" count="15" type="cond" truecount="2" falsecount="0"/>
      <line num="96" count="11" type="stmt"/>
      <line num="100" count="11" type="stmt"/>
      <line num="104" count="15" type="stmt"/>
      <line num="109" count="19" type="cond" truecount="2" falsecount="0"/>
      <line num="110" count="14" type="stmt"/>
      <line num="111" count="14" type="stmt"/>
      <line num="115" count="5" type="stmt"/>
      <line num="116" count="5" type="stmt"/>
      <line num="117" count="4" type="stmt"/>
      <line num="119" count="4" type="stmt"/>
      <line num="129" count="4" type="stmt"/>
      <line num="131" count="4" type="cond" truecount="1" falsecount="1"/>
      <line num="134" count="1" type="stmt"/>
      <line num="139" count="19" type="stmt"/>
      <line num="140" count="0" type="stmt"/>
      <line num="164" count="19" type="stmt"/>
      <line num="165" count="4" type="stmt"/>
      <line num="170" count="4" type="cond" truecount="2" falsecount="0"/>
      <line num="171" count="2" type="stmt"/>
      <line num="172" count="2" type="stmt"/>
      <line num="175" count="2" type="stmt"/>
      <line num="177" count="2" type="stmt"/>
      <line num="178" count="1" type="stmt"/>
      <line num="179" count="1" type="stmt"/>
      <line num="182" count="1" type="stmt"/>
      <line num="188" count="1" type="stmt"/>
      <line num="189" count="1" type="stmt"/>
      <line num="191" count="1" type="stmt"/>
      <line num="194" count="1" type="stmt"/>
      <line num="195" count="1" type="stmt"/>
      <line num="196" count="1" type="stmt"/>
      <line num="197" count="1" type="stmt"/>
      <line num="198" count="1" type="stmt"/>
      <line num="216" count="19" type="stmt"/>
      <line num="217" count="4" type="stmt"/>
      <line num="218" count="4" type="stmt"/>
      <line num="219" count="4" type="stmt"/>
      <line num="221" count="1" type="stmt"/>
      <line num="222" count="1" type="stmt"/>
      <line num="227" count="19" type="stmt"/>
      <line num="230" count="19" type="cond" truecount="1" falsecount="1"/>
      <line num="231" count="0" type="stmt"/>
      <line num="232" count="0" type="stmt"/>
      <line num="233" count="0" type="stmt"/>
      <line num="234" count="0" type="stmt"/>
      <line num="235" count="0" type="stmt"/>
      <line num="240" count="19" type="stmt"/>
      <line num="241" count="0" type="stmt"/>
      <line num="242" count="0" type="stmt"/>
      <line num="243" count="0" type="stmt"/>
      <line num="244" count="0" type="stmt"/>
      <line num="249" count="19" type="stmt"/>
    </file>
  </project>
</coverage>
