{"/home/echo_space/.dev/prod-e/backend/index.js": {"path":"/home/echo_space/.dev/prod-e/backend/index.js","statementMap":{"0":{"start":{"line":9,"column":0},"end":{"line":9,"column":27}},"1":{"start":{"line":12,"column":16},"end":{"line":12,"column":34}},"2":{"start":{"line":13,"column":19},"end":{"line":13,"column":41}},"3":{"start":{"line":14,"column":21},"end":{"line":14,"column":45}},"4":{"start":{"line":15,"column":18},"end":{"line":15,"column":47}},"5":{"start":{"line":18,"column":12},"end":{"line":18,"column":21}},"6":{"start":{"line":19,"column":13},"end":{"line":19,"column":37}},"7":{"start":{"line":22,"column":32},"end":{"line":22,"column":63}},"8":{"start":{"line":25,"column":17},"end":{"line":25,"column":42}},"9":{"start":{"line":26,"column":0},"end":{"line":29,"column":3}},"10":{"start":{"line":32,"column":40},"end":{"line":37,"column":2}},"11":{"start":{"line":39,"column":27},"end":{"line":43,"column":2}},"12":{"start":{"line":46,"column":0},"end":{"line":46,"column":57}},"13":{"start":{"line":47,"column":0},"end":{"line":47,"column":44}},"14":{"start":{"line":50,"column":23},"end":{"line":66,"column":1}},"15":{"start":{"line":68,"column":20},"end":{"line":68,"column":48}},"16":{"start":{"line":72,"column":0},"end":{"line":84,"column":1}},"17":{"start":{"line":73,"column":19},"end":{"line":73,"column":32}},"18":{"start":{"line":74,"column":2},"end":{"line":83,"column":5}},"19":{"start":{"line":87,"column":0},"end":{"line":105,"column":3}},"20":{"start":{"line":88,"column":16},"end":{"line":88,"column":26}},"21":{"start":{"line":91,"column":2},"end":{"line":102,"column":5}},"22":{"start":{"line":92,"column":21},"end":{"line":92,"column":48}},"23":{"start":{"line":95,"column":4},"end":{"line":101,"column":5}},"24":{"start":{"line":96,"column":6},"end":{"line":98,"column":27}},"25":{"start":{"line":100,"column":6},"end":{"line":100,"column":76}},"26":{"start":{"line":104,"column":2},"end":{"line":104,"column":9}},"27":{"start":{"line":109,"column":2},"end":{"line":112,"column":3}},"28":{"start":{"line":110,"column":4},"end":{"line":110,"column":65}},"29":{"start":{"line":111,"column":4},"end":{"line":111,"column":11}},"30":{"start":{"line":115,"column":2},"end":{"line":135,"column":3}},"31":{"start":{"line":116,"column":4},"end":{"line":116,"column":34}},"32":{"start":{"line":117,"column":4},"end":{"line":132,"column":5}},"33":{"start":{"line":119,"column":6},"end":{"line":128,"column":9}},"34":{"start":{"line":129,"column":6},"end":{"line":129,"column":55}},"35":{"start":{"line":131,"column":6},"end":{"line":131,"column":35}},"36":{"start":{"line":131,"column":18},"end":{"line":131,"column":35}},"37":{"start":{"line":134,"column":4},"end":{"line":134,"column":55}},"38":{"start":{"line":139,"column":0},"end":{"line":141,"column":3}},"39":{"start":{"line":140,"column":2},"end":{"line":140,"column":55}},"40":{"start":{"line":164,"column":0},"end":{"line":200,"column":3}},"41":{"start":{"line":165,"column":19},"end":{"line":168,"column":3}},"42":{"start":{"line":170,"column":2},"end":{"line":173,"column":3}},"43":{"start":{"line":171,"column":4},"end":{"line":171,"column":46}},"44":{"start":{"line":172,"column":4},"end":{"line":172,"column":30}},"45":{"start":{"line":175,"column":2},"end":{"line":199,"column":3}},"46":{"start":{"line":177,"column":19},"end":{"line":177,"column":39}},"47":{"start":{"line":178,"column":4},"end":{"line":192,"column":5}},"48":{"start":{"line":179,"column":6},"end":{"line":179,"column":41}},"49":{"start":{"line":182,"column":6},"end":{"line":185,"column":8}},"50":{"start":{"line":188,"column":6},"end":{"line":188,"column":38}},"51":{"start":{"line":189,"column":6},"end":{"line":189,"column":25}},"52":{"start":{"line":191,"column":6},"end":{"line":191,"column":23}},"53":{"start":{"line":194,"column":4},"end":{"line":194,"column":47}},"54":{"start":{"line":195,"column":4},"end":{"line":195,"column":30}},"55":{"start":{"line":196,"column":4},"end":{"line":196,"column":52}},"56":{"start":{"line":197,"column":4},"end":{"line":197,"column":39}},"57":{"start":{"line":198,"column":4},"end":{"line":198,"column":35}},"58":{"start":{"line":216,"column":0},"end":{"line":224,"column":3}},"59":{"start":{"line":217,"column":2},"end":{"line":223,"column":3}},"60":{"start":{"line":218,"column":4},"end":{"line":218,"column":50}},"61":{"start":{"line":219,"column":4},"end":{"line":219,"column":38}},"62":{"start":{"line":221,"column":4},"end":{"line":221,"column":52}},"63":{"start":{"line":222,"column":4},"end":{"line":222,"column":52}},"64":{"start":{"line":227,"column":0},"end":{"line":227,"column":68}},"65":{"start":{"line":230,"column":0},"end":{"line":237,"column":1}},"66":{"start":{"line":231,"column":2},"end":{"line":236,"column":5}},"67":{"start":{"line":232,"column":4},"end":{"line":232,"column":50}},"68":{"start":{"line":233,"column":4},"end":{"line":233,"column":73}},"69":{"start":{"line":234,"column":4},"end":{"line":234,"column":77}},"70":{"start":{"line":235,"column":4},"end":{"line":235,"column":84}},"71":{"start":{"line":240,"column":0},"end":{"line":246,"column":3}},"72":{"start":{"line":241,"column":2},"end":{"line":241,"column":60}},"73":{"start":{"line":242,"column":2},"end":{"line":245,"column":5}},"74":{"start":{"line":243,"column":4},"end":{"line":243,"column":40}},"75":{"start":{"line":244,"column":4},"end":{"line":244,"column":20}},"76":{"start":{"line":249,"column":0},"end":{"line":249,"column":21}}},"fnMap":{"0":{"name":"(anonymous_0)","decl":{"start":{"line":87,"column":8},"end":{"line":87,"column":9}},"loc":{"start":{"line":87,"column":28},"end":{"line":105,"column":1}},"line":87},"1":{"name":"(anonymous_1)","decl":{"start":{"line":91,"column":19},"end":{"line":91,"column":20}},"loc":{"start":{"line":91,"column":25},"end":{"line":102,"column":3}},"line":91},"2":{"name":"initializeDatabase","decl":{"start":{"line":108,"column":15},"end":{"line":108,"column":33}},"loc":{"start":{"line":108,"column":36},"end":{"line":136,"column":1}},"line":108},"3":{"name":"(anonymous_3)","decl":{"start":{"line":139,"column":27},"end":{"line":139,"column":28}},"loc":{"start":{"line":139,"column":34},"end":{"line":141,"column":1}},"line":139},"4":{"name":"(anonymous_4)","decl":{"start":{"line":164,"column":19},"end":{"line":164,"column":20}},"loc":{"start":{"line":164,"column":39},"end":{"line":200,"column":1}},"line":164},"5":{"name":"(anonymous_5)","decl":{"start":{"line":216,"column":20},"end":{"line":216,"column":21}},"loc":{"start":{"line":216,"column":40},"end":{"line":224,"column":1}},"line":216},"6":{"name":"(anonymous_6)","decl":{"start":{"line":231,"column":19},"end":{"line":231,"column":20}},"loc":{"start":{"line":231,"column":25},"end":{"line":236,"column":3}},"line":231},"7":{"name":"(anonymous_7)","decl":{"start":{"line":240,"column":22},"end":{"line":240,"column":23}},"loc":{"start":{"line":240,"column":28},"end":{"line":246,"column":1}},"line":240},"8":{"name":"(anonymous_8)","decl":{"start":{"line":242,"column":18},"end":{"line":242,"column":19}},"loc":{"start":{"line":242,"column":24},"end":{"line":245,"column":3}},"line":242}},"branchMap":{"0":{"loc":{"start":{"line":19,"column":13},"end":{"line":19,"column":37}},"type":"binary-expr","locations":[{"start":{"line":19,"column":13},"end":{"line":19,"column":29}},{"start":{"line":19,"column":33},"end":{"line":19,"column":37}}],"line":19},"1":{"loc":{"start":{"line":27,"column":10},"end":{"line":27,"column":49}},"type":"binary-expr","locations":[{"start":{"line":27,"column":10},"end":{"line":27,"column":36}},{"start":{"line":27,"column":40},"end":{"line":27,"column":49}}],"line":27},"2":{"loc":{"start":{"line":72,"column":0},"end":{"line":84,"column":1}},"type":"if","locations":[{"start":{"line":72,"column":0},"end":{"line":84,"column":1}},{"start":{},"end":{}}],"line":72},"3":{"loc":{"start":{"line":95,"column":4},"end":{"line":101,"column":5}},"type":"if","locations":[{"start":{"line":95,"column":4},"end":{"line":101,"column":5}},{"start":{},"end":{}}],"line":95},"4":{"loc":{"start":{"line":109,"column":2},"end":{"line":112,"column":3}},"type":"if","locations":[{"start":{"line":109,"column":2},"end":{"line":112,"column":3}},{"start":{},"end":{}}],"line":109},"5":{"loc":{"start":{"line":131,"column":6},"end":{"line":131,"column":35}},"type":"if","locations":[{"start":{"line":131,"column":6},"end":{"line":131,"column":35}},{"start":{},"end":{}}],"line":131},"6":{"loc":{"start":{"line":170,"column":2},"end":{"line":173,"column":3}},"type":"if","locations":[{"start":{"line":170,"column":2},"end":{"line":173,"column":3}},{"start":{},"end":{}}],"line":170},"7":{"loc":{"start":{"line":230,"column":0},"end":{"line":237,"column":1}},"type":"if","locations":[{"start":{"line":230,"column":0},"end":{"line":237,"column":1}},{"start":{},"end":{}}],"line":230}},"s":{"0":19,"1":19,"2":19,"3":19,"4":19,"5":19,"6":19,"7":19,"8":19,"9":19,"10":19,"11":19,"12":19,"13":19,"14":19,"15":19,"16":19,"17":5,"18":5,"19":19,"20":15,"21":15,"22":15,"23":15,"24":11,"25":11,"26":15,"27":19,"28":14,"29":14,"30":5,"31":5,"32":4,"33":4,"34":4,"35":4,"36":4,"37":1,"38":19,"39":0,"40":19,"41":4,"42":4,"43":2,"44":2,"45":2,"46":2,"47":1,"48":1,"49":1,"50":1,"51":1,"52":1,"53":1,"54":1,"55":1,"56":1,"57":1,"58":19,"59":4,"60":4,"61":4,"62":1,"63":1,"64":19,"65":19,"66":0,"67":0,"68":0,"69":0,"70":0,"71":19,"72":0,"73":0,"74":0,"75":0,"76":19},"f":{"0":15,"1":15,"2":19,"3":0,"4":4,"5":4,"6":0,"7":0,"8":0},"b":{"0":[19,0],"1":[19,0],"2":[5,14],"3":[11,4],"4":[14,5],"5":[4,0],"6":[2,2],"7":[0,19]},"_coverageSchema":"1a1c01bbd47fc00a2c39e90264f33305004495a9","hash":"3ccd130f0476c0edabd7281f024c0211e9c5daaf"}
}
