TN:
SF:index.js
FN:87,(anonymous_0)
FN:91,(anonymous_1)
FN:108,initializeDatabase
FN:139,(anonymous_3)
FN:164,(anonymous_4)
FN:216,(anonymous_5)
FN:231,(anonymous_6)
FN:240,(anonymous_7)
FN:242,(anonymous_8)
FNF:9
FNH:5
FNDA:15,(anonymous_0)
FNDA:15,(anonymous_1)
FNDA:19,initializeDatabase
FNDA:0,(anonymous_3)
FNDA:4,(anonymous_4)
FNDA:4,(anonymous_5)
FNDA:0,(anonymous_6)
FNDA:0,(anonymous_7)
FNDA:0,(anonymous_8)
DA:9,19
DA:12,19
DA:13,19
DA:14,19
DA:15,19
DA:18,19
DA:19,19
DA:22,19
DA:25,19
DA:26,19
DA:32,19
DA:39,19
DA:46,19
DA:47,19
DA:50,19
DA:68,19
DA:72,19
DA:73,5
DA:74,5
DA:87,19
DA:88,15
DA:91,15
DA:92,15
DA:95,15
DA:96,11
DA:100,11
DA:104,15
DA:109,19
DA:110,14
DA:111,14
DA:115,5
DA:116,5
DA:117,4
DA:119,4
DA:129,4
DA:131,4
DA:134,1
DA:139,19
DA:140,0
DA:164,19
DA:165,4
DA:170,4
DA:171,2
DA:172,2
DA:175,2
DA:177,2
DA:178,1
DA:179,1
DA:182,1
DA:188,1
DA:189,1
DA:191,1
DA:194,1
DA:195,1
DA:196,1
DA:197,1
DA:198,1
DA:216,19
DA:217,4
DA:218,4
DA:219,4
DA:221,1
DA:222,1
DA:227,19
DA:230,19
DA:231,0
DA:232,0
DA:233,0
DA:234,0
DA:235,0
DA:240,19
DA:241,0
DA:242,0
DA:243,0
DA:244,0
DA:249,19
LF:76
LH:66
BRDA:19,0,0,19
BRDA:19,0,1,0
BRDA:27,1,0,19
BRDA:27,1,1,0
BRDA:72,2,0,5
BRDA:72,2,1,14
BRDA:95,3,0,11
BRDA:95,3,1,4
BRDA:109,4,0,14
BRDA:109,4,1,5
BRDA:131,5,0,4
BRDA:131,5,1,0
BRDA:170,6,0,2
BRDA:170,6,1,2
BRDA:230,7,0,0
BRDA:230,7,1,19
BRF:16
BRH:12
end_of_record
